{"/Users/user/Documents/workspace/react-sample/src/App.tsx": {"path":"/Users/user/Documents/workspace/react-sample/src/App.tsx","all":true,"statementMap":{"0":{"start":{"line":1,"column":0},"end":{"line":1,"column":49}},"2":{"start":{"line":3,"column":0},"end":{"line":3,"column":16}},"3":{"start":{"line":4,"column":0},"end":{"line":4,"column":10}},"4":{"start":{"line":5,"column":0},"end":{"line":5,"column":25}},"5":{"start":{"line":6,"column":0},"end":{"line":6,"column":21}},"6":{"start":{"line":7,"column":0},"end":{"line":7,"column":18}},"7":{"start":{"line":8,"column":0},"end":{"line":8,"column":10}},"9":{"start":{"line":10,"column":0},"end":{"line":10,"column":1}},"11":{"start":{"line":12,"column":0},"end":{"line":12,"column":19}}},"s":{"0":0,"2":0,"3":0,"4":0,"5":0,"6":0,"7":0,"9":0,"11":0},"branchMap":{"0":{"type":"branch","line":1,"loc":{"start":{"line":1,"column":184},"end":{"line":12,"column":19}},"locations":[{"start":{"line":1,"column":184},"end":{"line":12,"column":19}}]}},"b":{"0":[0]},"fnMap":{"0":{"name":"(empty-report)","decl":{"start":{"line":1,"column":184},"end":{"line":12,"column":19}},"loc":{"start":{"line":1,"column":184},"end":{"line":12,"column":19}},"line":1}},"f":{"0":0}}
,"/Users/user/Documents/workspace/react-sample/src/main.tsx": {"path":"/Users/user/Documents/workspace/react-sample/src/main.tsx","all":true,"statementMap":{"0":{"start":{"line":1,"column":0},"end":{"line":1,"column":34}},"1":{"start":{"line":2,"column":0},"end":{"line":2,"column":45}},"2":{"start":{"line":3,"column":0},"end":{"line":3,"column":20}},"3":{"start":{"line":4,"column":0},"end":{"line":4,"column":27}},"5":{"start":{"line":6,"column":0},"end":{"line":6,"column":52}},"6":{"start":{"line":7,"column":0},"end":{"line":7,"column":14}},"7":{"start":{"line":8,"column":0},"end":{"line":8,"column":11}},"8":{"start":{"line":9,"column":0},"end":{"line":9,"column":16}},"9":{"start":{"line":10,"column":0},"end":{"line":10,"column":1}}},"s":{"0":0,"1":0,"2":0,"3":0,"5":0,"6":0,"7":0,"8":0,"9":0},"branchMap":{"0":{"type":"branch","line":1,"loc":{"start":{"line":1,"column":203},"end":{"line":10,"column":-148}},"locations":[{"start":{"line":1,"column":203},"end":{"line":10,"column":-148}}]}},"b":{"0":[0]},"fnMap":{"0":{"name":"(empty-report)","decl":{"start":{"line":1,"column":203},"end":{"line":10,"column":-148}},"loc":{"start":{"line":1,"column":203},"end":{"line":10,"column":-148}},"line":1}},"f":{"0":0}}
,"/Users/user/Documents/workspace/react-sample/src/components/Counter.tsx": {"path":"/Users/user/Documents/workspace/react-sample/src/components/Counter.tsx","all":false,"statementMap":{"0":{"start":{"line":1,"column":0},"end":{"line":1,"column":33}},"2":{"start":{"line":3,"column":0},"end":{"line":3,"column":30}},"3":{"start":{"line":4,"column":0},"end":{"line":4,"column":40}},"5":{"start":{"line":6,"column":0},"end":{"line":6,"column":10}},"6":{"start":{"line":7,"column":0},"end":{"line":7,"column":9}},"7":{"start":{"line":8,"column":0},"end":{"line":8,"column":27}},"8":{"start":{"line":9,"column":0},"end":{"line":9,"column":68}},"9":{"start":{"line":10,"column":0},"end":{"line":10,"column":68}},"10":{"start":{"line":11,"column":0},"end":{"line":11,"column":10}},"12":{"start":{"line":13,"column":0},"end":{"line":13,"column":2}}},"s":{"0":1,"2":1,"3":5,"5":5,"6":5,"7":5,"8":5,"9":5,"10":5,"12":5},"branchMap":{"0":{"type":"branch","line":3,"loc":{"start":{"line":3,"column":23},"end":{"line":13,"column":2}},"locations":[{"start":{"line":3,"column":23},"end":{"line":13,"column":2}}]},"1":{"type":"branch","line":9,"loc":{"start":{"line":9,"column":23},"end":{"line":9,"column":50}},"locations":[{"start":{"line":9,"column":23},"end":{"line":9,"column":50}}]},"2":{"type":"branch","line":10,"loc":{"start":{"line":10,"column":23},"end":{"line":10,"column":50}},"locations":[{"start":{"line":10,"column":23},"end":{"line":10,"column":50}}]}},"b":{"0":[5],"1":[1],"2":[1]},"fnMap":{"0":{"name":"Counter","decl":{"start":{"line":3,"column":23},"end":{"line":13,"column":2}},"loc":{"start":{"line":3,"column":23},"end":{"line":13,"column":2}},"line":3},"1":{"name":"onClick","decl":{"start":{"line":9,"column":23},"end":{"line":9,"column":50}},"loc":{"start":{"line":9,"column":23},"end":{"line":9,"column":50}},"line":9},"2":{"name":"onClick","decl":{"start":{"line":10,"column":23},"end":{"line":10,"column":50}},"loc":{"start":{"line":10,"column":23},"end":{"line":10,"column":50}},"line":10}},"f":{"0":5,"1":1,"2":1}}
,"/Users/user/Documents/workspace/react-sample/src/components/TodoItem.tsx": {"path":"/Users/user/Documents/workspace/react-sample/src/components/TodoItem.tsx","all":false,"statementMap":{"8":{"start":{"line":9,"column":0},"end":{"line":9,"column":74}},"9":{"start":{"line":10,"column":0},"end":{"line":10,"column":10}},"10":{"start":{"line":11,"column":0},"end":{"line":11,"column":30}},"11":{"start":{"line":12,"column":0},"end":{"line":12,"column":12}},"12":{"start":{"line":13,"column":0},"end":{"line":13,"column":23}},"13":{"start":{"line":14,"column":0},"end":{"line":14,"column":32}},"14":{"start":{"line":15,"column":0},"end":{"line":15,"column":42}},"15":{"start":{"line":16,"column":0},"end":{"line":16,"column":8}},"16":{"start":{"line":17,"column":0},"end":{"line":17,"column":81}},"17":{"start":{"line":18,"column":0},"end":{"line":18,"column":19}},"18":{"start":{"line":19,"column":0},"end":{"line":19,"column":13}},"19":{"start":{"line":20,"column":0},"end":{"line":20,"column":59}},"20":{"start":{"line":21,"column":0},"end":{"line":21,"column":9}},"22":{"start":{"line":23,"column":0},"end":{"line":23,"column":2}}},"s":{"8":1,"9":7,"10":7,"11":7,"12":7,"13":7,"14":7,"15":7,"16":7,"17":7,"18":7,"19":7,"20":7,"22":7},"branchMap":{"0":{"type":"branch","line":9,"loc":{"start":{"line":9,"column":24},"end":{"line":23,"column":2}},"locations":[{"start":{"line":9,"column":24},"end":{"line":23,"column":2}}]},"1":{"type":"branch","line":17,"loc":{"start":{"line":17,"column":42},"end":{"line":17,"column":71}},"locations":[{"start":{"line":17,"column":42},"end":{"line":17,"column":71}}]},"2":{"type":"branch","line":17,"loc":{"start":{"line":17,"column":54},"end":{"line":17,"column":78}},"locations":[{"start":{"line":17,"column":54},"end":{"line":17,"column":78}}]},"3":{"type":"branch","line":15,"loc":{"start":{"line":15,"column":18},"end":{"line":15,"column":42}},"locations":[{"start":{"line":15,"column":18},"end":{"line":15,"column":42}}]},"4":{"type":"branch","line":20,"loc":{"start":{"line":20,"column":23},"end":{"line":20,"column":48}},"locations":[{"start":{"line":20,"column":23},"end":{"line":20,"column":48}}]}},"b":{"0":[7],"1":[1],"2":[6],"3":[2],"4":[2]},"fnMap":{"0":{"name":"TodoItem","decl":{"start":{"line":9,"column":24},"end":{"line":23,"column":2}},"loc":{"start":{"line":9,"column":24},"end":{"line":23,"column":2}},"line":9},"1":{"name":"onChange","decl":{"start":{"line":15,"column":18},"end":{"line":15,"column":42}},"loc":{"start":{"line":15,"column":18},"end":{"line":15,"column":42}},"line":15},"2":{"name":"onClick","decl":{"start":{"line":20,"column":23},"end":{"line":20,"column":48}},"loc":{"start":{"line":20,"column":23},"end":{"line":20,"column":48}},"line":20}},"f":{"0":7,"1":2,"2":2}}
,"/Users/user/Documents/workspace/react-sample/src/components/TodoList.tsx": {"path":"/Users/user/Documents/workspace/react-sample/src/components/TodoList.tsx","all":false,"statementMap":{"0":{"start":{"line":1,"column":0},"end":{"line":1,"column":33}},"2":{"start":{"line":3,"column":0},"end":{"line":3,"column":38}},"4":{"start":{"line":5,"column":0},"end":{"line":5,"column":31}},"5":{"start":{"line":6,"column":0},"end":{"line":6,"column":49}},"6":{"start":{"line":7,"column":0},"end":{"line":7,"column":45}},"8":{"start":{"line":9,"column":0},"end":{"line":9,"column":25}},"9":{"start":{"line":10,"column":0},"end":{"line":10,"column":25}},"10":{"start":{"line":11,"column":0},"end":{"line":11,"column":16}},"11":{"start":{"line":12,"column":0},"end":{"line":12,"column":17}},"12":{"start":{"line":13,"column":0},"end":{"line":13,"column":9}},"13":{"start":{"line":14,"column":0},"end":{"line":14,"column":25}},"14":{"start":{"line":15,"column":0},"end":{"line":15,"column":24}},"15":{"start":{"line":16,"column":0},"end":{"line":16,"column":27}},"16":{"start":{"line":17,"column":0},"end":{"line":17,"column":10}},"17":{"start":{"line":18,"column":0},"end":{"line":18,"column":9}},"18":{"start":{"line":19,"column":0},"end":{"line":19,"column":21}},"19":{"start":{"line":20,"column":0},"end":{"line":20,"column":5}},"20":{"start":{"line":21,"column":0},"end":{"line":21,"column":4}},"22":{"start":{"line":23,"column":0},"end":{"line":23,"column":38}},"23":{"start":{"line":24,"column":0},"end":{"line":24,"column":13}},"24":{"start":{"line":25,"column":0},"end":{"line":25,"column":25}},"25":{"start":{"line":26,"column":0},"end":{"line":26,"column":71}},"26":{"start":{"line":27,"column":0},"end":{"line":27,"column":7}},"27":{"start":{"line":28,"column":0},"end":{"line":28,"column":6}},"28":{"start":{"line":29,"column":0},"end":{"line":29,"column":4}},"30":{"start":{"line":31,"column":0},"end":{"line":31,"column":38}},"31":{"start":{"line":32,"column":0},"end":{"line":32,"column":53}},"32":{"start":{"line":33,"column":0},"end":{"line":33,"column":4}},"34":{"start":{"line":35,"column":0},"end":{"line":35,"column":10}},"35":{"start":{"line":36,"column":0},"end":{"line":36,"column":31}},"36":{"start":{"line":37,"column":0},"end":{"line":37,"column":20}},"37":{"start":{"line":38,"column":0},"end":{"line":38,"column":34}},"38":{"start":{"line":39,"column":0},"end":{"line":39,"column":14}},"39":{"start":{"line":40,"column":0},"end":{"line":40,"column":21}},"40":{"start":{"line":41,"column":0},"end":{"line":41,"column":25}},"41":{"start":{"line":42,"column":0},"end":{"line":42,"column":54}},"42":{"start":{"line":43,"column":0},"end":{"line":43,"column":37}},"43":{"start":{"line":44,"column":0},"end":{"line":44,"column":10}},"44":{"start":{"line":45,"column":0},"end":{"line":45,"column":45}},"45":{"start":{"line":46,"column":0},"end":{"line":46,"column":12}},"46":{"start":{"line":47,"column":0},"end":{"line":47,"column":10}},"47":{"start":{"line":48,"column":0},"end":{"line":48,"column":30}},"48":{"start":{"line":49,"column":0},"end":{"line":49,"column":19}},"49":{"start":{"line":50,"column":0},"end":{"line":50,"column":25}},"50":{"start":{"line":51,"column":0},"end":{"line":51,"column":23}},"51":{"start":{"line":52,"column":0},"end":{"line":52,"column":33}},"52":{"start":{"line":53,"column":0},"end":{"line":53,"column":33}},"53":{"start":{"line":54,"column":0},"end":{"line":54,"column":12}},"54":{"start":{"line":55,"column":0},"end":{"line":55,"column":11}},"55":{"start":{"line":56,"column":0},"end":{"line":56,"column":11}},"56":{"start":{"line":57,"column":0},"end":{"line":57,"column":10}},"58":{"start":{"line":59,"column":0},"end":{"line":59,"column":2}}},"s":{"0":1,"2":1,"4":1,"5":11,"6":11,"8":11,"9":3,"10":3,"11":3,"12":3,"13":3,"14":3,"15":3,"16":3,"17":3,"18":3,"19":3,"20":3,"22":11,"23":1,"24":1,"25":1,"26":1,"27":1,"28":1,"30":11,"31":1,"32":1,"34":11,"35":11,"36":11,"37":11,"38":11,"39":11,"40":11,"41":11,"42":11,"43":11,"44":11,"45":11,"46":11,"47":11,"48":4,"49":4,"50":4,"51":4,"52":4,"53":4,"54":11,"55":11,"56":11,"58":11},"branchMap":{"0":{"type":"branch","line":5,"loc":{"start":{"line":5,"column":24},"end":{"line":59,"column":2}},"locations":[{"start":{"line":5,"column":24},"end":{"line":59,"column":2}}]},"1":{"type":"branch","line":9,"loc":{"start":{"line":9,"column":18},"end":{"line":21,"column":4}},"locations":[{"start":{"line":9,"column":18},"end":{"line":21,"column":4}}]},"2":{"type":"branch","line":23,"loc":{"start":{"line":23,"column":21},"end":{"line":29,"column":4}},"locations":[{"start":{"line":23,"column":21},"end":{"line":29,"column":4}}]},"3":{"type":"branch","line":25,"loc":{"start":{"line":25,"column":16},"end":{"line":26,"column":71}},"locations":[{"start":{"line":25,"column":16},"end":{"line":26,"column":71}}]},"4":{"type":"branch","line":26,"loc":{"start":{"line":26,"column":63},"end":{"line":26,"column":71}},"locations":[{"start":{"line":26,"column":63},"end":{"line":26,"column":71}}]},"5":{"type":"branch","line":31,"loc":{"start":{"line":31,"column":21},"end":{"line":33,"column":4}},"locations":[{"start":{"line":31,"column":21},"end":{"line":33,"column":4}}]},"6":{"type":"branch","line":32,"loc":{"start":{"line":32,"column":26},"end":{"line":32,"column":50}},"locations":[{"start":{"line":32,"column":26},"end":{"line":32,"column":50}}]},"7":{"type":"branch","line":42,"loc":{"start":{"line":42,"column":20},"end":{"line":42,"column":54}},"locations":[{"start":{"line":42,"column":20},"end":{"line":42,"column":54}}]},"8":{"type":"branch","line":48,"loc":{"start":{"line":48,"column":19},"end":{"line":54,"column":12}},"locations":[{"start":{"line":48,"column":19},"end":{"line":54,"column":12}}]}},"b":{"0":[11],"1":[3],"2":[1],"3":[1],"4":[0],"5":[1],"6":[1],"7":[3],"8":[4]},"fnMap":{"0":{"name":"TodoList","decl":{"start":{"line":5,"column":24},"end":{"line":59,"column":2}},"loc":{"start":{"line":5,"column":24},"end":{"line":59,"column":2}},"line":5},"1":{"name":"addTodo","decl":{"start":{"line":9,"column":18},"end":{"line":21,"column":4}},"loc":{"start":{"line":9,"column":18},"end":{"line":21,"column":4}},"line":9},"2":{"name":"toggleTodo","decl":{"start":{"line":23,"column":21},"end":{"line":29,"column":4}},"loc":{"start":{"line":23,"column":21},"end":{"line":29,"column":4}},"line":23},"3":{"name":"deleteTodo","decl":{"start":{"line":31,"column":21},"end":{"line":33,"column":4}},"loc":{"start":{"line":31,"column":21},"end":{"line":33,"column":4}},"line":31},"4":{"name":"onChange","decl":{"start":{"line":42,"column":20},"end":{"line":42,"column":54}},"loc":{"start":{"line":42,"column":20},"end":{"line":42,"column":54}},"line":42}},"f":{"0":11,"1":3,"2":1,"3":1,"4":3}}
,"/Users/user/Documents/workspace/react-sample/src/types/todo.ts": {"path":"/Users/user/Documents/workspace/react-sample/src/types/todo.ts","all":true,"statementMap":{},"s":{},"branchMap":{"0":{"type":"branch","line":1,"loc":{"start":{"line":1,"column":77},"end":{"line":5,"column":1}},"locations":[{"start":{"line":1,"column":77},"end":{"line":5,"column":1}}]}},"b":{"0":[1]},"fnMap":{"0":{"name":"(empty-report)","decl":{"start":{"line":1,"column":77},"end":{"line":5,"column":1}},"loc":{"start":{"line":1,"column":77},"end":{"line":5,"column":1}},"line":1}},"f":{"0":1}}
}
